2023-12-06 16:33:07,968 [main] INFO com.inetBanking.base.Baseclass - entered url
2023-12-06 16:33:09,862 [main] INFO com.inetBanking.base.Baseclass - successfully logged in
2023-12-06 16:33:10,494 [main] INFO com.inetBanking.base.Baseclass - click on newCustomer link
2023-12-06 16:33:14,963 [main] INFO com.inetBanking.base.Baseclass - entered details in all mandatory fields
2023-12-06 16:33:16,332 [main] INFO com.inetBanking.base.Baseclass - the browser will close
2023-12-06 16:33:24,724 [main] INFO com.inetBanking.base.Baseclass - entered url
2023-12-06 16:33:26,409 [main] INFO com.inetBanking.base.Baseclass - successfully logged in
2023-12-06 16:33:27,166 [main] INFO com.inetBanking.base.Baseclass - click on newCustomer link
2023-12-06 16:33:32,130 [main] INFO com.inetBanking.base.Baseclass - entered details in all mandatory fields
2023-12-06 16:33:33,240 [main] INFO com.inetBanking.base.Baseclass - the browser will close
2023-12-06 16:33:42,011 [main] INFO com.inetBanking.base.Baseclass - entered url
2023-12-06 16:33:43,891 [main] INFO com.inetBanking.base.Baseclass - successfully logged in
2023-12-06 16:33:44,708 [main] INFO com.inetBanking.base.Baseclass - click on newCustomer link
2023-12-06 16:33:50,024 [main] INFO com.inetBanking.base.Baseclass - entered details in all mandatory fields
2023-12-06 16:33:51,018 [main] INFO com.inetBanking.base.Baseclass - the browser will close
2023-12-06 16:37:12,043 [main] INFO com.inetBanking.base.Baseclass - entered url
2023-12-06 16:37:13,869 [main] INFO com.inetBanking.base.Baseclass - successfully logged in
2023-12-06 16:37:14,727 [main] INFO com.inetBanking.base.Baseclass - click on newCustomer link
2023-12-06 16:37:18,949 [main] INFO com.inetBanking.base.Baseclass - entered details in all mandatory fields
2023-12-06 16:37:22,946 [main] INFO com.inetBanking.base.Baseclass - the browser will close
2023-12-06 16:37:31,679 [main] INFO com.inetBanking.base.Baseclass - entered url
2023-12-06 16:37:33,443 [main] INFO com.inetBanking.base.Baseclass - successfully logged in
2023-12-06 16:37:34,151 [main] INFO com.inetBanking.base.Baseclass - click on newCustomer link
2023-12-06 16:37:36,824 [main] INFO com.inetBanking.base.Baseclass - entered details in all mandatory fields
2023-12-06 16:37:36,855 [main] INFO com.inetBanking.base.Baseclass - the browser will close
2023-12-06 16:37:45,220 [main] INFO com.inetBanking.base.Baseclass - entered url
2023-12-06 16:37:47,059 [main] INFO com.inetBanking.base.Baseclass - successfully logged in
2023-12-06 16:37:47,888 [main] INFO com.inetBanking.base.Baseclass - click on newCustomer link
2023-12-06 16:37:52,152 [main] INFO com.inetBanking.base.Baseclass - entered details in all mandatory fields
2023-12-06 16:37:53,456 [main] INFO com.inetBanking.base.Baseclass - the browser will close
2023-12-06 16:40:10,507 [main] INFO com.inetBanking.base.Baseclass - entered url
2023-12-06 16:40:12,391 [main] INFO com.inetBanking.base.Baseclass - successfully logged in
2023-12-06 16:40:12,612 [main] INFO com.inetBanking.base.Baseclass - click on newCustomer link
2023-12-06 16:40:22,828 [main] INFO com.inetBanking.base.Baseclass - the browser will close
2023-12-06 16:40:30,523 [main] INFO com.inetBanking.base.Baseclass - entered url
2023-12-06 16:40:33,049 [main] INFO com.inetBanking.base.Baseclass - successfully logged in
2023-12-06 16:40:33,797 [main] INFO com.inetBanking.base.Baseclass - click on newCustomer link
2023-12-06 16:40:37,970 [main] INFO com.inetBanking.base.Baseclass - entered details in all mandatory fields
2023-12-06 16:40:41,614 [main] INFO com.inetBanking.base.Baseclass - the browser will close
2023-12-06 16:40:49,721 [main] INFO com.inetBanking.base.Baseclass - entered url
2023-12-06 16:40:51,481 [main] INFO com.inetBanking.base.Baseclass - successfully logged in
2023-12-06 16:40:52,278 [main] INFO com.inetBanking.base.Baseclass - click on newCustomer link
2023-12-06 16:40:56,161 [main] INFO com.inetBanking.base.Baseclass - entered details in all mandatory fields
2023-12-06 16:40:56,177 [main] INFO com.inetBanking.base.Baseclass - the browser will close
2023-12-06 16:41:38,591 [main] INFO com.inetBanking.base.Baseclass - entered url
2023-12-06 16:41:40,508 [main] INFO com.inetBanking.base.Baseclass - successfully logged in
2023-12-06 16:41:42,165 [main] INFO com.inetBanking.base.Baseclass - click on newCustomer link
2023-12-06 16:41:45,781 [main] INFO com.inetBanking.base.Baseclass - entered details in all mandatory fields
2023-12-06 16:41:45,817 [main] INFO com.inetBanking.base.Baseclass - the browser will close
2023-12-06 16:41:54,059 [main] INFO com.inetBanking.base.Baseclass - entered url
2023-12-06 16:41:57,045 [main] INFO com.inetBanking.base.Baseclass - successfully logged in
2023-12-06 16:41:57,328 [main] INFO com.inetBanking.base.Baseclass - click on newCustomer link
2023-12-06 16:42:05,805 [main] INFO com.inetBanking.base.Baseclass - entered details in all mandatory fields
2023-12-06 16:42:07,322 [main] INFO com.inetBanking.base.Baseclass - the browser will close
2023-12-06 16:42:15,054 [main] INFO com.inetBanking.base.Baseclass - entered url
2023-12-06 16:42:16,834 [main] INFO com.inetBanking.base.Baseclass - successfully logged in
2023-12-06 16:42:17,762 [main] INFO com.inetBanking.base.Baseclass - click on newCustomer link
2023-12-06 16:42:22,608 [main] INFO com.inetBanking.base.Baseclass - entered details in all mandatory fields
2023-12-06 16:42:23,499 [main] INFO com.inetBanking.base.Baseclass - the browser will close
2023-12-06 16:45:34,413 [main] INFO com.inetBanking.base.Baseclass - entered url
2023-12-06 16:45:36,617 [main] INFO com.inetBanking.base.Baseclass - successfully logged in
2023-12-06 16:45:37,078 [main] INFO com.inetBanking.base.Baseclass - click on newCustomer link
2023-12-06 16:45:44,093 [main] INFO com.inetBanking.base.Baseclass - entered details in all mandatory fields
2023-12-06 16:45:44,128 [main] INFO com.inetBanking.base.Baseclass - the browser will close
2023-12-06 16:46:23,160 [main] INFO com.inetBanking.base.Baseclass - entered url
2023-12-06 16:46:25,613 [main] INFO com.inetBanking.base.Baseclass - successfully logged in
2023-12-06 16:46:26,451 [main] INFO com.inetBanking.base.Baseclass - click on newCustomer link
2023-12-06 16:46:30,164 [main] INFO com.inetBanking.base.Baseclass - entered details in all mandatory fields
2023-12-06 16:46:30,197 [main] INFO com.inetBanking.base.Baseclass - the browser will close
2023-12-06 16:47:29,420 [main] INFO com.inetBanking.base.Baseclass - entered url
2023-12-06 16:47:31,434 [main] INFO com.inetBanking.base.Baseclass - successfully logged in
2023-12-06 16:47:32,330 [main] INFO com.inetBanking.base.Baseclass - click on newCustomer link
2023-12-06 16:47:38,893 [main] INFO com.inetBanking.base.Baseclass - entered details in all mandatory fields
2023-12-06 16:47:42,374 [main] INFO com.inetBanking.base.Baseclass - the browser will close
2023-12-06 16:50:17,052 [main] INFO com.inetBanking.base.Baseclass - entered url
2023-12-06 16:50:19,014 [main] INFO com.inetBanking.base.Baseclass - successfully logged in
2023-12-06 16:50:19,885 [main] INFO com.inetBanking.base.Baseclass - click on newCustomer link
2023-12-06 16:50:23,749 [main] INFO com.inetBanking.base.Baseclass - entered details in all mandatory fields
2023-12-06 16:50:23,792 [main] INFO com.inetBanking.base.Baseclass - the browser will close
2023-12-06 16:53:43,224 [main] INFO com.inetBanking.base.Baseclass - entered url
2023-12-06 16:53:45,320 [main] INFO com.inetBanking.base.Baseclass - successfully logged in
2023-12-06 16:53:45,946 [main] INFO com.inetBanking.base.Baseclass - click on newCustomer link
2023-12-06 16:53:48,830 [main] INFO com.inetBanking.base.Baseclass - entered details in all mandatory fields
2023-12-06 16:53:48,885 [main] INFO com.inetBanking.base.Baseclass - the browser will close
2023-12-06 16:54:18,954 [main] INFO com.inetBanking.base.Baseclass - entered url
2023-12-06 16:54:20,929 [main] INFO com.inetBanking.base.Baseclass - successfully logged in
2023-12-06 16:54:22,062 [main] INFO com.inetBanking.base.Baseclass - click on newCustomer link
2023-12-06 16:54:27,200 [main] INFO com.inetBanking.base.Baseclass - entered details in all mandatory fields
2023-12-06 16:54:34,414 [main] INFO com.inetBanking.base.Baseclass - click on editcustomer link link
2023-12-06 16:54:40,149 [main] INFO com.inetBanking.base.Baseclass - the browser will close
2023-12-06 16:56:17,901 [main] INFO com.inetBanking.base.Baseclass - entered url
2023-12-06 16:56:20,102 [main] INFO com.inetBanking.base.Baseclass - successfully logged in
2023-12-06 16:56:20,886 [main] INFO com.inetBanking.base.Baseclass - click on newCustomer link
2023-12-06 16:56:26,727 [main] INFO com.inetBanking.base.Baseclass - entered details in all mandatory fields
2023-12-06 16:56:33,788 [main] INFO com.inetBanking.base.Baseclass - click on editcustomer link link
2023-12-06 16:56:38,852 [main] INFO com.inetBanking.base.Baseclass - the browser will close
2023-12-06 16:59:13,421 [main] INFO com.inetBanking.base.Baseclass - entered url
2023-12-06 16:59:15,380 [main] INFO com.inetBanking.base.Baseclass - successfully logged in
2023-12-06 16:59:16,682 [main] INFO com.inetBanking.base.Baseclass - click on newCustomer link
2023-12-06 16:59:22,200 [main] INFO com.inetBanking.base.Baseclass - entered details in all mandatory fields
2023-12-06 16:59:26,106 [main] INFO com.inetBanking.base.Baseclass - the browser will close
2023-12-06 16:59:47,673 [main] INFO com.inetBanking.base.Baseclass - entered url
2023-12-06 16:59:49,716 [main] INFO com.inetBanking.base.Baseclass - successfully logged in
2023-12-06 16:59:50,427 [main] INFO com.inetBanking.base.Baseclass - click on newCustomer link
2023-12-06 16:59:54,126 [main] INFO com.inetBanking.base.Baseclass - entered details in all mandatory fields
2023-12-06 16:59:54,170 [main] INFO com.inetBanking.base.Baseclass - the browser will close
2023-12-06 17:00:02,772 [main] INFO com.inetBanking.base.Baseclass - entered url
2023-12-06 17:00:05,167 [main] INFO com.inetBanking.base.Baseclass - successfully logged in
2023-12-06 17:00:05,746 [main] INFO com.inetBanking.base.Baseclass - click on newCustomer link
2023-12-06 17:00:15,833 [main] INFO com.inetBanking.base.Baseclass - the browser will close
2023-12-06 17:00:27,225 [main] INFO com.inetBanking.base.Baseclass - entered url
2023-12-06 17:00:29,067 [main] INFO com.inetBanking.base.Baseclass - successfully logged in
2023-12-06 17:00:29,885 [main] INFO com.inetBanking.base.Baseclass - click on newCustomer link
2023-12-06 17:00:35,330 [main] INFO com.inetBanking.base.Baseclass - entered details in all mandatory fields
2023-12-06 17:00:38,916 [main] INFO com.inetBanking.base.Baseclass - the browser will close
2023-12-06 17:06:12,726 [main] INFO com.inetBanking.base.Baseclass - entered url
2023-12-06 17:06:15,453 [main] INFO com.inetBanking.base.Baseclass - successfully logged in
2023-12-06 17:06:16,262 [main] INFO com.inetBanking.base.Baseclass - click on newCustomer link
2023-12-06 17:06:19,744 [main] INFO com.inetBanking.base.Baseclass - entered details in all mandatory fields
2023-12-06 17:06:19,795 [main] INFO com.inetBanking.base.Baseclass - the browser will close
2023-12-06 17:06:28,328 [main] INFO com.inetBanking.base.Baseclass - entered url
2023-12-06 17:06:30,126 [main] INFO com.inetBanking.base.Baseclass - successfully logged in
2023-12-06 17:06:31,019 [main] INFO com.inetBanking.base.Baseclass - click on newCustomer link
2023-12-06 17:06:34,751 [main] INFO com.inetBanking.base.Baseclass - entered details in all mandatory fields
2023-12-06 17:06:34,769 [main] INFO com.inetBanking.base.Baseclass - the browser will close
2023-12-06 17:06:44,510 [main] INFO com.inetBanking.base.Baseclass - entered url
2023-12-06 17:06:46,674 [main] INFO com.inetBanking.base.Baseclass - successfully logged in
2023-12-06 17:06:47,880 [main] INFO com.inetBanking.base.Baseclass - click on newCustomer link
2023-12-06 17:06:55,315 [main] INFO com.inetBanking.base.Baseclass - entered details in all mandatory fields
2023-12-06 17:06:59,544 [main] INFO com.inetBanking.base.Baseclass - click on delete customer link
2023-12-06 17:07:09,587 [main] INFO com.inetBanking.base.Baseclass - the browser will close
2023-12-06 17:09:27,110 [main] INFO com.inetBanking.base.Baseclass - entered url
2023-12-06 17:09:29,035 [main] INFO com.inetBanking.base.Baseclass - successfully logged in
2023-12-06 17:09:29,887 [main] INFO com.inetBanking.base.Baseclass - click on newCustomer link
2023-12-06 17:09:35,301 [main] INFO com.inetBanking.base.Baseclass - entered details in all mandatory fields
2023-12-06 17:09:39,211 [main] INFO com.inetBanking.base.Baseclass - the browser will close
2023-12-06 17:09:48,805 [main] INFO com.inetBanking.base.Baseclass - entered url
2023-12-06 17:09:50,392 [main] INFO com.inetBanking.base.Baseclass - successfully logged in
2023-12-06 17:09:51,255 [main] INFO com.inetBanking.base.Baseclass - click on newCustomer link
2023-12-06 17:09:54,211 [main] INFO com.inetBanking.base.Baseclass - entered details in all mandatory fields
2023-12-06 17:09:54,238 [main] INFO com.inetBanking.base.Baseclass - the browser will close
2023-12-06 17:10:03,658 [main] INFO com.inetBanking.base.Baseclass - entered url
2023-12-06 17:10:05,061 [main] INFO com.inetBanking.base.Baseclass - successfully logged in
2023-12-06 17:10:05,968 [main] INFO com.inetBanking.base.Baseclass - click on newCustomer link
2023-12-06 17:10:08,690 [main] INFO com.inetBanking.base.Baseclass - entered details in all mandatory fields
2023-12-06 17:10:08,711 [main] INFO com.inetBanking.base.Baseclass - the browser will close
2023-12-06 17:13:31,883 [main] INFO com.inetBanking.base.Baseclass - entered url
2023-12-06 17:13:43,171 [main] INFO com.inetBanking.base.Baseclass - successfully logged in
2023-12-06 17:13:49,478 [main] INFO com.inetBanking.base.Baseclass - click on newCustomer link
2023-12-06 17:14:04,300 [main] INFO com.inetBanking.base.Baseclass - entered details in all mandatory fields
2023-12-06 17:14:06,587 [main] INFO com.inetBanking.base.Baseclass - the browser will close
2023-12-06 17:14:10,833 [main] INFO com.inetBanking.base.Baseclass - the browser will close
2023-12-06 17:14:14,940 [main] INFO com.inetBanking.base.Baseclass - the browser will close
2023-12-06 17:16:50,412 [main] INFO com.inetBanking.base.Baseclass - entered url
2023-12-06 17:17:21,178 [main] INFO com.inetBanking.base.Baseclass - successfully logged in
2023-12-06 17:17:21,219 [main] INFO com.inetBanking.base.Baseclass - the browser will close
2023-12-06 17:17:51,290 [main] INFO com.inetBanking.base.Baseclass - entered url
2023-12-06 17:17:59,900 [main] INFO com.inetBanking.base.Baseclass - successfully logged in
2023-12-06 17:17:59,997 [main] INFO com.inetBanking.base.Baseclass - click on newCustomer link
2023-12-06 17:18:06,782 [main] INFO com.inetBanking.base.Baseclass - entered details in all mandatory fields
2023-12-06 17:18:23,537 [main] INFO com.inetBanking.base.Baseclass - click on editcustomer link link
2023-12-06 17:18:38,809 [main] INFO com.inetBanking.base.Baseclass - the browser will close
2023-12-06 17:18:58,628 [main] INFO com.inetBanking.base.Baseclass - entered url
2023-12-06 17:19:01,014 [main] INFO com.inetBanking.base.Baseclass - successfully logged in
2023-12-06 17:19:03,155 [main] INFO com.inetBanking.base.Baseclass - click on newCustomer link
2023-12-06 17:19:09,814 [main] INFO com.inetBanking.base.Baseclass - entered details in all mandatory fields
2023-12-06 17:19:11,178 [main] INFO com.inetBanking.base.Baseclass - click on delete customer link
2023-12-06 17:19:15,774 [main] INFO com.inetBanking.base.Baseclass - the browser will close
2023-12-07 09:52:40,798 [main] INFO com.inetBanking.base.Baseclass - entered url
2023-12-07 09:52:42,908 [main] INFO com.inetBanking.base.Baseclass - successfully logged in
2023-12-07 09:52:43,574 [main] INFO com.inetBanking.base.Baseclass - click on newCustomer link
2023-12-07 09:52:48,025 [main] INFO com.inetBanking.base.Baseclass - entered details in all mandatory fields
2023-12-07 09:52:52,329 [main] INFO com.inetBanking.base.Baseclass - the browser will close
2023-12-07 09:53:00,821 [main] INFO com.inetBanking.base.Baseclass - entered url
2023-12-07 09:53:02,301 [main] INFO com.inetBanking.base.Baseclass - successfully logged in
2023-12-07 09:53:03,102 [main] INFO com.inetBanking.base.Baseclass - click on newCustomer link
2023-12-07 09:53:07,413 [main] INFO com.inetBanking.base.Baseclass - entered details in all mandatory fields
2023-12-07 09:53:12,071 [main] INFO com.inetBanking.base.Baseclass - click on editcustomer link link
2023-12-07 09:53:18,165 [main] INFO com.inetBanking.base.Baseclass - the browser will close
2023-12-07 09:53:25,997 [main] INFO com.inetBanking.base.Baseclass - entered url
2023-12-07 09:53:27,570 [main] INFO com.inetBanking.base.Baseclass - successfully logged in
2023-12-07 09:53:28,317 [main] INFO com.inetBanking.base.Baseclass - click on newCustomer link
2023-12-07 09:53:31,347 [main] INFO com.inetBanking.base.Baseclass - entered details in all mandatory fields
2023-12-07 09:53:33,054 [main] INFO com.inetBanking.base.Baseclass - click on delete customer link
2023-12-07 09:53:41,689 [main] INFO com.inetBanking.base.Baseclass - the browser will close
2023-12-07 10:51:09,039 [main] INFO com.inetBanking.base.Baseclass - entered url
2023-12-07 10:51:10,969 [main] INFO com.inetBanking.base.Baseclass - successfully logged in
2023-12-07 10:51:11,820 [main] INFO com.inetBanking.base.Baseclass - click on newCustomer link
2023-12-07 10:51:17,300 [main] INFO com.inetBanking.base.Baseclass - entered details in all mandatory fields
2023-12-07 10:51:22,248 [main] INFO com.inetBanking.base.Baseclass - the browser will close
2023-12-07 10:51:31,576 [main] INFO com.inetBanking.base.Baseclass - entered url
2023-12-07 10:51:34,353 [main] INFO com.inetBanking.base.Baseclass - successfully logged in
2023-12-07 10:51:34,931 [main] INFO com.inetBanking.base.Baseclass - click on newCustomer link
2023-12-07 10:51:45,500 [main] INFO com.inetBanking.base.Baseclass - the browser will close
2023-12-07 10:51:54,035 [main] INFO com.inetBanking.base.Baseclass - entered url
2023-12-07 10:51:56,875 [main] INFO com.inetBanking.base.Baseclass - successfully logged in
2023-12-07 10:51:57,432 [main] INFO com.inetBanking.base.Baseclass - click on newCustomer link
2023-12-07 10:52:05,372 [main] INFO com.inetBanking.base.Baseclass - entered details in all mandatory fields
2023-12-07 10:52:09,113 [main] INFO com.inetBanking.base.Baseclass - click on delete customer link
2023-12-07 10:52:09,923 [main] INFO com.inetBanking.base.Baseclass - the browser will close
2023-12-07 10:54:32,537 [main] INFO com.inetBanking.base.Baseclass - entered url
2023-12-07 10:54:34,562 [main] INFO com.inetBanking.base.Baseclass - successfully logged in
2023-12-07 10:54:34,971 [main] INFO com.inetBanking.base.Baseclass - click on newCustomer link
2023-12-07 10:54:49,144 [main] INFO com.inetBanking.base.Baseclass - entered details in all mandatory fields
2023-12-07 10:54:53,267 [main] INFO com.inetBanking.base.Baseclass - the browser will close
2023-12-07 10:55:00,982 [main] INFO com.inetBanking.base.Baseclass - entered url
2023-12-07 10:55:02,670 [main] INFO com.inetBanking.base.Baseclass - successfully logged in
2023-12-07 10:55:03,514 [main] INFO com.inetBanking.base.Baseclass - click on newCustomer link
2023-12-07 10:55:08,017 [main] INFO com.inetBanking.base.Baseclass - entered details in all mandatory fields
2023-12-07 10:55:12,527 [main] INFO com.inetBanking.base.Baseclass - click on editcustomer link link
2023-12-07 10:55:17,066 [main] INFO com.inetBanking.base.Baseclass - the browser will close
2023-12-07 10:55:24,970 [main] INFO com.inetBanking.base.Baseclass - entered url
2023-12-07 10:55:27,303 [main] INFO com.inetBanking.base.Baseclass - successfully logged in
2023-12-07 10:55:28,040 [main] INFO com.inetBanking.base.Baseclass - click on newCustomer link
2023-12-07 10:55:32,286 [main] INFO com.inetBanking.base.Baseclass - entered details in all mandatory fields
2023-12-07 10:55:34,018 [main] INFO com.inetBanking.base.Baseclass - click on delete customer link
2023-12-07 10:55:38,469 [main] INFO com.inetBanking.base.Baseclass - the browser will close
2023-12-07 12:06:12,948 [main] INFO com.inetBanking.base.Baseclass - entered url
2023-12-07 12:06:14,432 [main] INFO com.inetBanking.base.Baseclass - successfully logged in
2023-12-07 12:06:15,155 [main] INFO com.inetBanking.base.Baseclass - click on newCustomer link
2023-12-07 12:06:17,560 [main] INFO com.inetBanking.base.Baseclass - entered details in all mandatory fields
2023-12-07 12:06:19,658 [main] INFO com.inetBanking.base.Baseclass - the browser will close
2023-12-07 12:06:27,083 [main] INFO com.inetBanking.base.Baseclass - entered url
2023-12-07 12:06:28,523 [main] INFO com.inetBanking.base.Baseclass - successfully logged in
2023-12-07 12:06:29,237 [main] INFO com.inetBanking.base.Baseclass - click on newCustomer link
2023-12-07 12:06:31,501 [main] INFO com.inetBanking.base.Baseclass - entered details in all mandatory fields
2023-12-07 12:06:35,147 [main] INFO com.inetBanking.base.Baseclass - click on editcustomer link link
2023-12-07 12:06:55,472 [main] INFO com.inetBanking.base.Baseclass - the browser will close
2023-12-07 12:07:24,505 [main] INFO com.inetBanking.base.Baseclass - entered url
2023-12-07 12:07:25,745 [main] INFO com.inetBanking.base.Baseclass - successfully logged in
2023-12-07 12:07:26,393 [main] INFO com.inetBanking.base.Baseclass - click on newCustomer link
2023-12-07 12:07:28,570 [main] INFO com.inetBanking.base.Baseclass - entered details in all mandatory fields
2023-12-07 12:07:29,224 [main] INFO com.inetBanking.base.Baseclass - click on delete customer link
2023-12-07 12:07:39,499 [main] INFO com.inetBanking.base.Baseclass - the browser will close
2023-12-08 12:42:37,969 [main] INFO com.inetBanking.base.Baseclass - entered url
2023-12-08 12:42:39,903 [main] INFO com.inetBanking.base.Baseclass - successfully logged in
2023-12-08 12:42:40,862 [main] INFO com.inetBanking.base.Baseclass - click on newCustomer link
2023-12-08 12:42:45,932 [main] INFO com.inetBanking.base.Baseclass - entered details in all mandatory fields
2023-12-08 12:42:50,214 [main] INFO com.inetBanking.base.Baseclass - the browser will close
2023-12-08 12:42:57,682 [main] INFO com.inetBanking.base.Baseclass - entered url
2023-12-08 12:43:00,025 [main] INFO com.inetBanking.base.Baseclass - successfully logged in
2023-12-08 12:43:00,702 [main] INFO com.inetBanking.base.Baseclass - click on newCustomer link
2023-12-08 12:43:05,423 [main] INFO com.inetBanking.base.Baseclass - entered details in all mandatory fields
2023-12-08 12:43:10,242 [main] INFO com.inetBanking.base.Baseclass - click on editcustomer link link
2023-12-08 12:43:30,642 [main] INFO com.inetBanking.base.Baseclass - the browser will close
2023-12-08 12:43:38,979 [main] INFO com.inetBanking.base.Baseclass - entered url
2023-12-08 12:43:40,732 [main] INFO com.inetBanking.base.Baseclass - successfully logged in
2023-12-08 12:43:41,506 [main] INFO com.inetBanking.base.Baseclass - click on newCustomer link
2023-12-08 12:43:45,684 [main] INFO com.inetBanking.base.Baseclass - entered details in all mandatory fields
2023-12-08 12:43:47,428 [main] INFO com.inetBanking.base.Baseclass - click on delete customer link
2023-12-08 12:43:57,690 [main] INFO com.inetBanking.base.Baseclass - the browser will close
2023-12-08 14:01:06,662 [main] INFO com.inetBanking.base.Baseclass - entered url
2023-12-08 14:01:11,878 [main] INFO com.inetBanking.base.Baseclass - successfully logged in
2023-12-08 14:01:13,187 [main] INFO com.inetBanking.base.Baseclass - click on newCustomer link
2023-12-08 14:01:26,317 [main] INFO com.inetBanking.base.Baseclass - entered details in all mandatory fields
2023-12-08 14:01:30,373 [main] INFO com.inetBanking.base.Baseclass - the browser will close
2023-12-08 14:01:42,108 [main] INFO com.inetBanking.base.Baseclass - entered url
2023-12-08 14:01:44,066 [main] INFO com.inetBanking.base.Baseclass - successfully logged in
2023-12-08 14:01:47,890 [main] INFO com.inetBanking.base.Baseclass - click on newCustomer link
2023-12-08 14:01:53,465 [main] INFO com.inetBanking.base.Baseclass - entered details in all mandatory fields
2023-12-08 14:01:57,952 [main] INFO com.inetBanking.base.Baseclass - click on editcustomer link link
2023-12-08 14:02:18,286 [main] INFO com.inetBanking.base.Baseclass - the browser will close
2023-12-08 14:02:28,210 [main] INFO com.inetBanking.base.Baseclass - entered url
2023-12-08 14:02:30,338 [main] INFO com.inetBanking.base.Baseclass - successfully logged in
2023-12-08 14:02:31,003 [main] INFO com.inetBanking.base.Baseclass - click on newCustomer link
2023-12-08 14:02:36,725 [main] INFO com.inetBanking.base.Baseclass - entered details in all mandatory fields
2023-12-08 14:02:38,064 [main] INFO com.inetBanking.base.Baseclass - click on delete customer link
2023-12-08 14:02:48,333 [main] INFO com.inetBanking.base.Baseclass - the browser will close
2023-12-08 22:08:26,461 [main] INFO com.inetBanking.base.Baseclass - entered url
2023-12-08 22:08:28,250 [main] INFO com.inetBanking.base.Baseclass - successfully logged in
2023-12-08 22:08:29,095 [main] INFO com.inetBanking.base.Baseclass - click on newCustomer link
2023-12-08 22:08:32,998 [main] INFO com.inetBanking.base.Baseclass - entered details in all mandatory fields
2023-12-08 22:08:34,645 [main] INFO com.inetBanking.base.Baseclass - the browser will close
2023-12-08 22:08:43,090 [main] INFO com.inetBanking.base.Baseclass - entered url
2023-12-08 22:08:44,980 [main] INFO com.inetBanking.base.Baseclass - successfully logged in
2023-12-08 22:08:45,822 [main] INFO com.inetBanking.base.Baseclass - click on newCustomer link
2023-12-08 22:08:49,438 [main] INFO com.inetBanking.base.Baseclass - entered details in all mandatory fields
2023-12-08 22:08:50,104 [main] INFO com.inetBanking.base.Baseclass - the browser will close
2023-12-08 22:09:00,125 [main] INFO com.inetBanking.base.Baseclass - entered url
2023-12-08 22:09:01,976 [main] INFO com.inetBanking.base.Baseclass - successfully logged in
2023-12-08 22:09:03,453 [main] INFO com.inetBanking.base.Baseclass - click on newCustomer link
2023-12-08 22:09:09,843 [main] INFO com.inetBanking.base.Baseclass - entered details in all mandatory fields
2023-12-08 22:09:13,799 [main] INFO com.inetBanking.base.Baseclass - click on delete customer link
2023-12-08 22:09:20,302 [main] INFO com.inetBanking.base.Baseclass - the browser will close
2023-12-14 13:31:19,375 [main] INFO com.inetBanking.base.Baseclass - entered url
2023-12-14 13:31:21,475 [main] INFO com.inetBanking.base.Baseclass - successfully logged in
2023-12-14 13:31:22,271 [main] INFO com.inetBanking.base.Baseclass - click on newCustomer link
2023-12-14 13:31:22,896 [main] INFO com.inetBanking.base.Baseclass - the browser will close
2024-01-07 10:55:00,047 [main] INFO com.inetBanking.base.Baseclass - entered url
2024-01-07 10:55:01,370 [main] INFO com.inetBanking.base.Baseclass - successfully logged in
2024-01-07 10:55:03,559 [main] INFO com.inetBanking.base.Baseclass - the browser will close
2024-01-07 10:55:13,652 [main] INFO com.inetBanking.base.Baseclass - entered url
2024-01-07 10:55:14,419 [main] INFO com.inetBanking.base.Baseclass - successfully logged in
2024-01-07 10:55:15,852 [main] INFO com.inetBanking.base.Baseclass - the browser will close
2024-01-07 10:55:26,577 [main] INFO com.inetBanking.base.Baseclass - entered url
2024-01-07 10:55:27,757 [main] INFO com.inetBanking.base.Baseclass - successfully logged in
2024-01-07 10:55:29,188 [main] INFO com.inetBanking.base.Baseclass - the browser will close
2024-01-07 10:56:00,494 [main] INFO com.inetBanking.base.Baseclass - entered url
2024-01-07 10:56:01,798 [main] INFO com.inetBanking.base.Baseclass - successfully logged in
2024-01-07 10:56:03,858 [main] INFO com.inetBanking.base.Baseclass - the browser will close
2024-01-07 10:56:12,409 [main] INFO com.inetBanking.base.Baseclass - entered url
2024-01-07 10:56:13,438 [main] INFO com.inetBanking.base.Baseclass - successfully logged in
2024-01-07 10:56:14,863 [main] INFO com.inetBanking.base.Baseclass - the browser will close
2024-01-07 10:56:24,892 [main] INFO com.inetBanking.base.Baseclass - entered url
2024-01-07 10:56:25,799 [main] INFO com.inetBanking.base.Baseclass - successfully logged in
2024-01-07 10:56:27,162 [main] INFO com.inetBanking.base.Baseclass - the browser will close
2024-01-07 11:00:47,131 [main] INFO com.inetBanking.base.Baseclass - entered url
2024-01-07 11:00:49,249 [main] INFO com.inetBanking.base.Baseclass - successfully logged in
2024-01-07 11:00:49,512 [main] INFO com.inetBanking.base.Baseclass - click on newCustomer link
2024-01-07 11:00:56,792 [main] INFO com.inetBanking.base.Baseclass - entered details in all mandatory fields
2024-01-07 11:01:01,263 [main] INFO com.inetBanking.base.Baseclass - the browser will close
2024-01-07 11:01:11,549 [main] INFO com.inetBanking.base.Baseclass - entered url
2024-01-07 11:01:13,760 [main] INFO com.inetBanking.base.Baseclass - successfully logged in
2024-01-07 11:01:14,354 [main] INFO com.inetBanking.base.Baseclass - click on newCustomer link
2024-01-07 11:01:21,166 [main] INFO com.inetBanking.base.Baseclass - entered details in all mandatory fields
2024-01-07 11:01:25,696 [main] INFO com.inetBanking.base.Baseclass - click on editcustomer link link
2024-01-07 11:01:31,052 [main] INFO com.inetBanking.base.Baseclass - the browser will close
2024-01-07 11:01:41,613 [main] INFO com.inetBanking.base.Baseclass - entered url
2024-01-07 11:01:43,414 [main] INFO com.inetBanking.base.Baseclass - successfully logged in
2024-01-07 11:01:44,433 [main] INFO com.inetBanking.base.Baseclass - click on newCustomer link
2024-01-07 11:01:49,061 [main] INFO com.inetBanking.base.Baseclass - entered details in all mandatory fields
2024-01-07 11:01:50,777 [main] INFO com.inetBanking.base.Baseclass - click on delete customer link
2024-01-07 11:01:55,515 [main] INFO com.inetBanking.base.Baseclass - the browser will close
2024-01-08 10:56:04,949 [main] INFO com.inetBanking.base.Baseclass - entered url
2024-01-08 10:56:06,387 [main] INFO com.inetBanking.base.Baseclass - successfully logged in
2024-01-08 10:56:07,209 [main] INFO com.inetBanking.base.Baseclass - click on newCustomer link
2024-01-08 10:56:10,705 [main] INFO com.inetBanking.base.Baseclass - entered details in all mandatory fields
2024-01-08 10:56:13,223 [main] INFO com.inetBanking.base.Baseclass - the browser will close
2024-01-08 10:56:22,160 [main] INFO com.inetBanking.base.Baseclass - entered url
2024-01-08 10:56:23,667 [main] INFO com.inetBanking.base.Baseclass - successfully logged in
2024-01-08 10:56:24,381 [main] INFO com.inetBanking.base.Baseclass - click on newCustomer link
2024-01-08 10:56:26,897 [main] INFO com.inetBanking.base.Baseclass - entered details in all mandatory fields
2024-01-08 10:56:30,910 [main] INFO com.inetBanking.base.Baseclass - click on editcustomer link link
2024-01-08 10:56:41,860 [main] INFO com.inetBanking.base.Baseclass - the browser will close
2024-01-08 10:56:51,244 [main] INFO com.inetBanking.base.Baseclass - entered url
2024-01-08 10:56:52,583 [main] INFO com.inetBanking.base.Baseclass - successfully logged in
2024-01-08 10:56:53,320 [main] INFO com.inetBanking.base.Baseclass - click on newCustomer link
2024-01-08 10:56:54,845 [main] INFO com.inetBanking.base.Baseclass - entered details in all mandatory fields
2024-01-08 10:56:56,338 [main] INFO com.inetBanking.base.Baseclass - the browser will close
